<?xml version="1.0" encoding="UTF-8"?>
<!-- Generated by org.testng.reporters.JUnitReportReporter -->
<testsuite hostname="L125A2669" name="com.summerclass.integrationtest.EventTest" tests="4" failures="0" timestamp="1 Aug 2014 13:23:16 GMT" time="0.114" errors="0">
  <testcase name="testCreateEventSession" time="0.044" classname="com.summerclass.integrationtest.EventTest"/>
  <testcase name="getEventSessions" time="0.014" classname="com.summerclass.integrationtest.EventTest"/>
  <testcase name="getFilteredEventSessions" time="0.042" classname="com.summerclass.integrationtest.EventTest"/>
  <testcase name="testGetEventTypes" time="0.014" classname="com.summerclass.integrationtest.EventTest"/>
</testsuite>
