<?xml version="1.0" encoding="UTF-8"?>
<!-- Generated by org.testng.reporters.JUnitReportReporter -->
<testsuite hostname="L125A2669" name="com.summerclass.integrationtest.EmployeeTest" tests="1" failures="0" timestamp="1 Aug 2014 13:23:16 GMT" time="0.006" errors="0">
  <testcase name="testGetEmployees" time="0.006" classname="com.summerclass.integrationtest.EmployeeTest"/>
</testsuite>
