<?xml version="1.0" encoding="UTF-8"?>
<!-- Generated by org.testng.reporters.JUnitReportReporter -->
<testsuite hostname="L125A2669" name="com.summerclass.integrationtest.MemberTest" tests="2" failures="0" timestamp="1 Aug 2014 13:23:16 GMT" time="0.032" errors="0">
  <testcase name="testGetMembers" time="0.025" classname="com.summerclass.integrationtest.MemberTest"/>
  <testcase name="testGetMemberByUserNameAndPassword" time="0.007" classname="com.summerclass.integrationtest.MemberTest"/>
</testsuite>
