<?xml version="1.0" encoding="UTF-8"?>
<!-- Generated by org.testng.reporters.JUnitReportReporter -->
<testsuite hostname="w125DennyWTest" name="com.summerclass.integrationtest.StringSupportTest" tests="3" failures="0" timestamp="14 Aug 2014 13:36:05 GMT" time="0.003" errors="0">
  <testcase name="testNegativeGuid" time="0.000" classname="com.summerclass.integrationtest.StringSupportTest"/>
  <testcase name="testAssertions" time="0.003" classname="com.summerclass.integrationtest.StringSupportTest"/>
  <testcase name="testPositiveGuid" time="0.000" classname="com.summerclass.integrationtest.StringSupportTest"/>
</testsuite>
