<?xml version="1.0" encoding="UTF-8"?>
<!-- Generated by org.testng.reporters.JUnitReportReporter -->
<testsuite hostname="w125DennyWTest" name="com.summerclass.integrationtest.EventTest" tests="8" failures="0" timestamp="14 Aug 2014 13:36:05 GMT" time="0.864" errors="0">
  <testcase name="testUpdateStatus" time="0.070" classname="com.summerclass.integrationtest.EventTest"/>
  <testcase name="testGetRandomEventId" time="0.004" classname="com.summerclass.integrationtest.EventTest"/>
  <testcase name="testDeleteEmployeeEvents" time="0.107" classname="com.summerclass.integrationtest.EventTest"/>
  <testcase name="testGetAll" time="0.021" classname="com.summerclass.integrationtest.EventTest"/>
  <testcase name="testGetRandomEventByStatus" time="0.015" classname="com.summerclass.integrationtest.EventTest"/>
  <testcase name="testDeleteEvents" time="0.065" classname="com.summerclass.integrationtest.EventTest"/>
  <testcase name="testGetEvent" time="0.012" classname="com.summerclass.integrationtest.EventTest"/>
  <testcase name="testCreateEvents" time="0.570" classname="com.summerclass.integrationtest.EventTest"/>
</testsuite>
