<?xml version="1.0" encoding="UTF-8"?>
<!-- Generated by org.testng.reporters.JUnitReportReporter -->
<testsuite hostname="w125DennyWTest" name="com.summerclass.integrationtest.ClubTest" tests="10" failures="0" timestamp="14 Aug 2014 13:36:05 GMT" time="0.122" errors="0">
  <testcase name="testGetClubNumbers" time="0.007" classname="com.summerclass.integrationtest.ClubTest"/>
  <testcase name="testGetNameSafe" time="0.008" classname="com.summerclass.integrationtest.ClubTest"/>
  <testcase name="testGetCount" time="0.002" classname="com.summerclass.integrationtest.ClubTest"/>
  <testcase name="getClubIdFailure" time="0.068" classname="com.summerclass.integrationtest.ClubTest"/>
  <testcase name="testGetClub" time="0.008" classname="com.summerclass.integrationtest.ClubTest"/>
  <testcase name="testGetClubs" time="0.003" classname="com.summerclass.integrationtest.ClubTest"/>
  <testcase name="testGetIdAndNumber" time="0.004" classname="com.summerclass.integrationtest.ClubTest"/>
  <testcase name="testGetClubSafe" time="0.010" classname="com.summerclass.integrationtest.ClubTest"/>
  <testcase name="testGetName" time="0.008" classname="com.summerclass.integrationtest.ClubTest"/>
  <testcase name="testGetIds" time="0.004" classname="com.summerclass.integrationtest.ClubTest"/>
</testsuite>
