<?xml version="1.0" encoding="UTF-8"?>
<!-- Generated by org.testng.reporters.JUnitReportReporter -->
<testsuite hostname="w125DennyWTest" name="com.summerclass.integrationtest.AjaxTest" tests="5" failures="0" timestamp="14 Aug 2014 13:36:05 GMT" time="0.385" errors="0">
  <testcase name="testLogin" time="0.010" classname="com.summerclass.integrationtest.AjaxTest"/>
  <testcase name="testReverse" time="0.002" classname="com.summerclass.integrationtest.AjaxTest"/>
  <testcase name="testGetEmployees" time="0.272" classname="com.summerclass.integrationtest.AjaxTest"/>
  <testcase name="testCountCharacters" time="0.098" classname="com.summerclass.integrationtest.AjaxTest"/>
  <testcase name="testMeaningOfLife" time="0.003" classname="com.summerclass.integrationtest.AjaxTest"/>
</testsuite>
